[09:55:37.961][INFO][CraftTweaker-EarlyInit]: CraftTweaker is running on a Minecraft 1.20.1 production server modded with platform Forge
[09:55:37.981][INFO][CraftTweaker-EarlyInit]: Successfully injected RecipeFS file system
[09:55:38.030][INFO][CraftTweaker-Plugins]: Successfully identified and loaded plugin crafttweaker:builtin
[09:55:38.031][INFO][CraftTweaker-Plugins]: Successfully identified and loaded plugin crafttweaker:builtin_forge
[09:55:38.049][INFO][CraftTweaker-Plugins]: Successfully identified and loaded plugin farmersdelight:crafttweaker_plugin
[09:55:39.112][INFO][CraftTweaker]: The following mods have explicit CraftTweaker support through the default plugin:
[09:55:39.117][INFO][CraftTweaker]: - 'aether' at version '1.20.1-1.5.2-neoforge'
[09:55:39.120][INFO][CraftTweaker]: - 'crafttweaker' at version '14.0.59'
[09:55:39.120][INFO][CraftTweaker]: - 'farmersdelight' at version '1.20.1-1.2.9'
[09:55:39.120][INFO][CraftTweaker]: - 'gamestages' at version '15.0.2'
[09:55:39.120][INFO][CraftTweaker]: - 'immersiveengineering' at version '1.20.1-10.2.0-183'
[09:55:59.487][INFO][CraftTweaker-ZenCode]: Started loading scripts for loader 'initialize'
[09:55:59.898][INFO][CraftTweaker-ZenCode]: Compiling and executing scripts
[09:55:59.968][INFO][CraftTweaker-ZenCode]: Successfully initialized modules [crafttweaker, expansions]
[09:56:00.162][INFO][CraftTweaker-ZenCode]: Execution for loader 'initialize' completed successfully
[09:56:11.302][INFO][CraftTweaker-ZenCode]: Started loading scripts for loader 'tags'
[09:56:11.332][INFO][CraftTweaker-ZenCode]: Compiling and executing scripts
[09:56:11.350][INFO][CraftTweaker-ZenCode]: Successfully initialized modules [crafttweaker, expansions]
[09:56:11.363][INFO][CraftTweaker-ZenCode]: Execution for loader 'tags' completed successfully
[09:56:14.502][INFO][CraftTweaker]: crafttweaker.reload.start
[09:56:14.508][INFO][CraftTweaker-ZenCode]: Started loading scripts for loader 'crafttweaker'
[09:56:14.537][INFO][CraftTweaker-ZenCode]: Compiling and executing scripts
[09:56:14.882][INFO][CraftTweaker-ZenCode]: Successfully initialized modules [mods, crafttweaker, expansions]
[09:56:14.892][INFO][CraftTweaker-ZenCode]: Execution for loader 'crafttweaker' completed successfully
[09:56:14.893][INFO][CraftTweaker]: crafttweaker.reload.complete
